app/build/intermediates/manifest_merge_blame_file/debug/manifest-merger-blame-debug-report.txt
1<?xml version="1.0" encoding="utf-8"?>
2<!-- suppress ALL -->
3<manifest xmlns:android="http://schemas.android.com/apk/res/android"
4    package="org.tensorflow.lite.examples.transfer"
5    android:versionCode="1"
6    android:versionName="1.0" >
7
8    <uses-sdk
9        android:minSdkVersion="26"
9-->src\main\AndroidManifest.xml
10        android:targetSdkVersion="29" />
10-->src\main\AndroidManifest.xml
11
12    <uses-feature
12-->src\main\AndroidManifest.xml:6:3-96
13        android:name="android.hardware.sensor.accelerometer"
13-->src\main\AndroidManifest.xml:6:17-69
14        android:required="true" />
14-->src\main\AndroidManifest.xml:6:70-93
15    <uses-feature
15-->src\main\AndroidManifest.xml:7:3-92
16        android:name="android.hardware.sensor.gyroscope"
16-->src\main\AndroidManifest.xml:7:17-65
17        android:required="true" />
17-->src\main\AndroidManifest.xml:7:66-89
18
19    <uses-permission android:name="android.permission.VIBRATE" />
19-->src\main\AndroidManifest.xml:8:3-63
19-->src\main\AndroidManifest.xml:8:20-61
20    <uses-permission android:name="android.permission.WRITE_EXTERNAL_STORAGE" />
20-->src\main\AndroidManifest.xml:9:3-78
20-->src\main\AndroidManifest.xml:9:20-76
21    <uses-permission android:name="android.permission.HIGH_SAMPLING_RATE_SENSORS" />
21-->src\main\AndroidManifest.xml:10:3-82
21-->src\main\AndroidManifest.xml:10:20-80
22
23    <application
23-->src\main\AndroidManifest.xml:12:3-34:17
24        android:allowBackup="true"
24-->src\main\AndroidManifest.xml:13:7-33
25        android:appComponentFactory="androidx.core.app.CoreComponentFactory"
25-->[androidx.core:core:1.1.0] AndroidManifest.xml:24:18-86
26        android:configChanges="orientation"
26-->src\main\AndroidManifest.xml:14:7-42
27        android:debuggable="true"
28        android:extractNativeLibs="false"
29        android:icon="@drawable/ic_launcher"
29-->src\main\AndroidManifest.xml:15:7-43
30        android:label="@string/app_name"
30-->src\main\AndroidManifest.xml:16:7-39
31        android:testOnly="true"
32        android:theme="@style/AppTheme" >
32-->src\main\AndroidManifest.xml:17:7-38
33        <activity
33-->src\main\AndroidManifest.xml:18:5-27:16
34            android:name="org.tensorflow.lite.examples.transfer.MainActivity"
34-->src\main\AndroidManifest.xml:19:9-74
35            android:exported="true"
35-->src\main\AndroidManifest.xml:20:9-32
36            android:screenOrientation="portrait" >
36-->src\main\AndroidManifest.xml:21:9-45
37            <intent-filter>
37-->src\main\AndroidManifest.xml:22:7-26:23
38                <action android:name="android.intent.action.MAIN" />
38-->src\main\AndroidManifest.xml:23:9-60
38-->src\main\AndroidManifest.xml:23:17-58
39
40                <category android:name="android.intent.category.LAUNCHER" />
40-->src\main\AndroidManifest.xml:24:9-68
40-->src\main\AndroidManifest.xml:24:19-66
41                <!-- DEFAULT -->
42            </intent-filter>
43        </activity>
44        <activity
44-->src\main\AndroidManifest.xml:29:5-33:16
45            android:name="org.tensorflow.lite.examples.transfer.ChangePrivacy"
45-->src\main\AndroidManifest.xml:30:9-75
46            android:exported="true"
46-->src\main\AndroidManifest.xml:31:9-32
47            android:screenOrientation="portrait" >
47-->src\main\AndroidManifest.xml:32:9-45
48        </activity>
49
50        <provider
50-->[androidx.lifecycle:lifecycle-process:2.1.0-rc01] AndroidManifest.xml:23:9-27:43
51            android:name="androidx.lifecycle.ProcessLifecycleOwnerInitializer"
51-->[androidx.lifecycle:lifecycle-process:2.1.0-rc01] AndroidManifest.xml:24:13-79
52            android:authorities="org.tensorflow.lite.examples.transfer.lifecycle-process"
52-->[androidx.lifecycle:lifecycle-process:2.1.0-rc01] AndroidManifest.xml:25:13-69
53            android:exported="false"
53-->[androidx.lifecycle:lifecycle-process:2.1.0-rc01] AndroidManifest.xml:26:13-37
54            android:multiprocess="true" />
54-->[androidx.lifecycle:lifecycle-process:2.1.0-rc01] AndroidManifest.xml:27:13-40
55    </application>
56
57</manifest>